0.0 0.418352
25.901007890701294 0.418352
55.89323592185974 0.418352
85.893394947052 0.418352
115.89358186721802 0.410713
145.89373803138733 0.410713
175.89376592636108 0.410713
205.89394187927246 0.410713
235.89397192001343 0.410713
265.9214930534363 0.410713
295.9251708984375 0.410713
325.9252710342407 0.410713
355.9253599643707 0.410713
385.9335720539093 0.410713
415.94632601737976 0.410713
445.94517993927 0.410713
475.96529603004456 0.410713
505.9653558731079 0.410713
535.9655089378357 0.410713
565.9809720516205 0.410713
595.9887700080872 0.410713
625.9807059764862 0.410713
655.9903919696808 0.410713
685.9850308895111 0.410713
715.9970960617065 0.410713
746.0013010501862 0.410713
776.0211820602417 0.410713
806.0291829109192 0.410713
836.0291979312897 0.410713
866.0298478603363 0.410713
895.46626496315 0.410713
