0.0 0.00279093914704
24.27249789237976 0.00279093914704
54.280147075653076 0.00279093914704
84.27269792556763 0.0024879198944
114.27280402183533 0.00197632434225
144.27647805213928 0.00197632434225
174.2766809463501 0.00197632434225
204.28046798706055 0.00197632434225
234.28044891357422 0.00197632434225
264.2804729938507 0.00197632434225
294.28058099746704 0.00197632434225
324.28061294555664 0.00197632434225
354.2807719707489 0.00197632434225
384.2809228897095 0.00197632434225
414.2922968864441 0.00197632434225
444.29944801330566 0.00197632434225
474.296954870224 0.00197632434225
504.3021309375763 0.00197632434225
534.3034429550171 0.00197632434225
564.3082778453827 0.00197632434225
594.3045060634613 0.00197632434225
624.3044970035553 0.00197632434225
654.304673910141 0.00197632434225
684.3048300743103 0.00197632434225
714.3285799026489 0.00197632434225
744.3286640644073 0.00197632434225
774.3362848758698 0.00197632434225
804.3287160396576 0.00197632434225
834.3324899673462 0.00197632434225
864.3402829170227 0.00197632434225
893.8485200405121 0.00197632434225
