0.0 0.42502327
24.333359003067017 0.42502327
54.341614961624146 0.42502327
84.34386587142944 0.42502327
114.3457658290863 0.42502327
144.35528898239136 0.42502327
174.3575828075409 0.42502327
204.36985898017883 0.42247271
234.36989092826843 0.4121716
264.3818418979645 0.4121716
294.3818337917328 0.4121716
324.4171259403229 0.4121716
354.4134078025818 0.4121716
384.4137659072876 0.4121716
414.4296097755432 0.4121716
444.4139738082886 0.4121716
474.41776394844055 0.4121716
504.421767950058 0.4121716
534.4257819652557 0.4121716
564.4261038303375 0.4121716
594.4263467788696 0.4121716
624.4373807907104 0.4121716
654.432324886322 0.4121716
684.4820368289948 0.4121716
714.4341099262238 0.4121716
744.4339609146118 0.4121716
774.4533817768097 0.4121716
804.4493808746338 0.4121716
834.4457318782806 0.4121716
864.4457697868347 0.4121716
893.9038047790527 0.4121716
