0.0 0.00667127
25.854001998901367 0.00667127
55.8728609085083 0.0050466
85.87360692024231 0.0050466
115.87350392341614 0.0050466
145.87421584129333 0.0050466
175.8767910003662 0.0050466
205.87682795524597 0.0050466
235.87700390815735 0.0050466
265.88251185417175 0.0050466
295.88839888572693 0.0050466
325.88493490219116 0.0050466
355.8889820575714 0.0050466
385.88900995254517 0.0050466
415.8891260623932 0.0050466
445.8975338935852 0.0050466
475.8975598812103 0.0050466
505.89766693115234 0.0050466
535.9047949314117 0.0050466
565.9048519134521 0.0050466
595.9123978614807 0.0050466
625.9206259250641 0.0050466
655.9089920520782 0.0050466
685.9125158786774 0.0050466
715.9131119251251 0.0050466
745.9168970584869 0.0050466
775.9209060668945 0.0050466
805.9209439754486 0.0050466
835.9247999191284 0.0050466
865.9263889789581 0.0050466
895.9689478874207 0.0050466
925.9689788818359 0.0050466
955.9968090057373 0.0050466
986.0218360424042 0.0050466
1016.0207719802856 0.0050466
1046.032397031784 0.0050466
1076.0328660011292 0.0050466
1106.0407700538635 0.0050466
1136.0568969249725 0.0050466
1166.0595240592957 0.0050466
1196.063010931015 0.0050466
1226.060970067978 0.0050466
1256.0652918815613 0.0050466
1286.0652589797974 0.0050466
1316.065320968628 0.0050466
1346.0653729438782 0.0050466
1376.0654349327087 0.0050466
1406.0768508911133 0.0050466
1436.1183450222015 0.0050466
1466.1183998584747 0.0050466
1496.1184568405151 0.0050466
1526.1247808933258 0.0050466
1556.1284010410309 0.0050466
1586.1249380111694 0.0050466
1616.1250598430634 0.0050466
1646.1342370510101 0.0050466
1676.136778831482 0.0050466
1706.1385638713837 0.0050466
1736.1408009529114 0.0050466
1766.1567690372467 0.0050466
1795.480964899063 0.0050466
