0.0 0.00667127
25.868427991867065 0.00667127
55.86849284172058 0.0050466
85.87572288513184 0.0050466
115.8806848526001 0.0050466
145.93142986297607 0.0050466
175.9299340248108 0.0050466
205.93241095542908 0.0050466
235.9324140548706 0.00504033
265.9363658428192 0.00504033
295.9363989830017 0.00504033
325.9403820037842 0.00504033
355.94441294670105 0.00504033
385.9483940601349 0.00504033
415.95235085487366 0.00504033
445.9523949623108 0.00504033
475.95265793800354 0.00504033
505.9525349140167 0.00504033
535.9599950313568 0.00504033
565.9563519954681 0.00504033
595.9660339355469 0.00504033
625.968327999115 0.00504033
655.9684278964996 0.00504033
685.9685108661652 0.00504033
715.9685709476471 0.00504033
745.9726009368896 0.00504033
775.9744248390198 0.00504033
805.9814300537109 0.00504033
835.9767529964447 0.00504033
866.0005450248718 0.00504033
895.43639087677 0.00504033
