0.0 0.418352
25.84866714477539 0.418352
55.84879803657532 0.418352
85.8489191532135 0.418352
115.85251903533936 0.415462
145.8564989566803 0.415462
175.85652208328247 0.415462
205.8566951751709 0.415462
235.86051511764526 0.415462
265.87235403060913 0.415462
295.87651896476746 0.415462
325.892343044281 0.415462
355.87907910346985 0.415462
385.8805241584778 0.415462
415.88854718208313 0.415462
445.8925111293793 0.415462
475.89541816711426 0.410329
505.89539098739624 0.410329
535.8968141078949 0.410329
565.8968789577484 0.410329
595.9283871650696 0.410329
625.9166281223297 0.410329
655.9244961738586 0.410329
685.9325251579285 0.410329
715.9421350955963 0.410329
745.9459090232849 0.410329
775.9460301399231 0.410329
805.9461410045624 0.410329
835.9462370872498 0.410329
865.9763441085815 0.410329
895.4165279865265 0.410329
