0.0 0.42502327
24.249773025512695 0.42502327
54.27548599243164 0.42502327
84.25187397003174 0.4121716
114.25192284584045 0.4121716
144.26366782188416 0.4121716
174.2559449672699 0.4121716
204.25603890419006 0.4121716
234.2561469078064 0.4121716
264.2562439441681 0.40989353
294.2562379837036 0.40989353
324.258425951004 0.40989353
354.3000268936157 0.40989353
384.2968158721924 0.40989353
414.303475856781 0.40989353
444.2997009754181 0.40989353
474.31349182128906 0.40989353
504.3261229991913 0.40989353
534.3243708610535 0.40989353
564.3245379924774 0.40989353
594.3501307964325 0.40989353
624.3596789836884 0.40989353
654.3556518554688 0.40989353
684.3521039485931 0.40989353
714.3598458766937 0.40989353
744.3598690032959 0.40989353
774.3614149093628 0.40989353
804.3599338531494 0.40989353
834.3685078620911 0.40989353
864.3602278232574 0.40989353
893.825493812561 0.40989353
