6.9181148557602e-310 0.00667127
25.843603134155273 0.00667127
55.855754137039185 0.00559415
85.87577199935913 0.0050466
115.87961196899414 0.0050466
145.8870871067047 0.0050466
175.88505506515503 0.0050466
205.88769006729126 0.0050466
235.88774704933167 0.0050466
265.89148211479187 0.0050466
295.8918471336365 0.0050466
325.89199709892273 0.0050466
355.9250521659851 0.0050466
385.95539116859436 0.0050466
415.95558500289917 0.0050466
445.9633951187134 0.0050466
475.95594096183777 0.0050466
505.9574131965637 0.0050466
535.9569711685181 0.0050466
565.9675621986389 0.0050466
595.9685821533203 0.0050466
625.9755690097809 0.0050466
655.9755761623383 0.0050466
685.987184047699 0.0050466
715.9795861244202 0.0050466
745.9797041416168 0.0050466
775.9848010540009 0.0050466
805.9867689609528 0.0050466
835.9875221252441 0.0050466
865.9956800937653 0.0050466
895.4277839660645 0.0050466
