0.0 0.42502327
24.13520383834839 0.42502327
54.1352698802948 0.42502327
84.13529706001282 0.42502327
114.1364119052887 0.42502327
144.15821886062622 0.42502327
174.16979694366455 0.42502327
204.1646409034729 0.42502327
234.17020893096924 0.42502327
264.1703770160675 0.42502327
294.17446088790894 0.42502327
324.1902120113373 0.42502327
354.21287298202515 0.42502327
384.21091890335083 0.42502327
414.21109795570374 0.42502327
444.2111370563507 0.42502327
474.2297978401184 0.42502327
504.2141990661621 0.42502327
534.2198970317841 0.4121716
564.2223100662231 0.4121716
594.2423179149628 0.4121716
624.2423520088196 0.4121716
654.2425589561462 0.4121716
684.2461838722229 0.4121716
714.2501749992371 0.4121716
744.2578029632568 0.4121716
774.2541949748993 0.4121716
804.2581899166107 0.4121716
834.2588498592377 0.4121716
864.2943458557129 0.4121716
893.7141919136047 0.4121716
