0.0 0.00667127
25.83298397064209 0.00667127
55.83348083496094 0.00666509
85.83360886573792 0.00666509
115.83758497238159 0.00666509
145.8376648426056 0.00666509
175.83777689933777 0.00649027
205.84547185897827 0.00649027
235.8735408782959 0.00649027
265.8896930217743 0.00649027
295.90525794029236 0.00649027
325.89363384246826 0.00649027
355.90148282051086 0.00649027
385.90945196151733 0.00649027
415.90962290763855 0.00649027
445.9097509384155 0.00649027
475.9097819328308 0.00649027
505.91761684417725 0.00649027
535.9175658226013 0.00649027
565.917671918869 0.00649027
595.9176778793335 0.00649027
625.9178359508514 0.00649027
655.917906999588 0.00649027
685.9179379940033 0.00649027
715.9178619384766 0.00649027
745.9181308746338 0.00649027
775.9182469844818 0.00649027
805.9183378219604 0.00649027
835.9254608154297 0.00649027
865.9255559444427 0.00649027
895.407488822937 0.00649027
