0.0 0.00667127
25.54938507080078 0.00667127
55.55358409881592 0.00666509
85.55875706672668 0.00666509
115.55763506889343 0.00666509
145.5616660118103 0.00666509
175.56151914596558 0.00666509
205.56155610084534 0.00666509
235.5653851032257 0.00504661
265.5653941631317 0.00504661
295.5691890716553 0.00504661
325.56577801704407 0.00504661
355.56583309173584 0.00504661
385.56933999061584 0.00504661
415.5697901248932 0.00504661
445.5700559616089 0.00504661
475.57010412216187 0.00504661
505.5701370239258 0.00504661
535.5855929851532 0.00504661
565.5893721580505 0.00504661
595.593325138092 0.00504661
625.5968680381775 0.00504661
655.6133949756622 0.00504661
685.6156311035156 0.00504661
715.6333889961243 0.00504661
745.6413621902466 0.00504661
775.651260137558 0.00400975
805.6453380584717 0.00400975
835.6453731060028 0.00400975
865.6493670940399 0.00400975
895.1219980716705 0.00400975
