6.9393080709731e-310 0.00667127
25.93233585357666 0.00667127
55.94054698944092 0.00559415
85.94411993026733 0.00559415
115.93670201301575 0.00559415
145.94155597686768 0.00504661
175.94154596328735 0.00504661
205.94855284690857 0.00504661
235.9487030506134 0.00412416
265.97212386131287 0.00412416
295.9489119052887 0.00412416
325.9681189060211 0.00412416
355.9606919288635 0.00412416
385.9805369377136 0.00412416
415.9806978702545 0.00412416
445.9807319641113 0.00412416
475.9809000492096 0.00412416
505.99267196655273 0.00412416
536.0100319385529 0.00412416
565.9927530288696 0.00412416
595.9927780628204 0.00412416
625.9929330348969 0.00412416
655.9949789047241 0.00412416
685.9965279102325 0.00412416
715.997838973999 0.00412416
746.0019860267639 0.00412416
775.9972970485687 0.00412416
805.9973330497742 0.00412416
835.9975180625916 0.00412416
865.9981069564819 0.00412416
895.4932310581207 0.00412416
