0.0 0.00667127
25.909264087677002 0.00667127
55.9292631149292 0.00504661
85.93706512451172 0.00504661
115.93325710296631 0.00504661
145.93327713012695 0.00412416
175.93725204467773 0.00412416
205.9373071193695 0.00412416
235.93743205070496 0.00412416
265.9710941314697 0.00412416
295.98844599723816 0.00412416
325.98973202705383 0.00412416
355.9898099899292 0.00412416
386.00292205810547 0.00412416
415.9923450946808 0.00412416
445.9940710067749 0.00412416
475.99410915374756 0.00412416
505.99981212615967 0.00412416
536.0375089645386 0.00412416
566.0322649478912 0.00412416
596.0322949886322 0.00412416
626.0332579612732 0.00412416
656.0333271026611 0.00412416
686.0332729816437 0.00412416
716.0334520339966 0.00412416
746.0334079265594 0.00412416
776.0335340499878 0.00412416
806.0335850715637 0.00412416
836.0337319374084 0.00412416
866.0336771011353 0.00412416
895.4703409671783 0.00412416
