0.0 0.418352
25.914241075515747 0.418352
55.928159952163696 0.418352
85.91905999183655 0.418352
115.9226291179657 0.403555
145.9228539466858 0.403555
175.9229030609131 0.403555
205.9268479347229 0.403555
235.9663600921631 0.403555
265.9569101333618 0.403555
295.9571371078491 0.403555
325.95771312713623 0.403555
355.96285009384155 0.403555
385.96685814857483 0.403555
415.9866590499878 0.403555
445.9730169773102 0.403555
475.9748640060425 0.403555
505.97691202163696 0.403555
535.9770259857178 0.403555
565.9770791530609 0.403555
595.9770901203156 0.403555
625.9817590713501 0.403555
655.986839056015 0.403555
685.9869050979614 0.403555
715.9870369434357 0.403555
745.9872009754181 0.403555
775.9872441291809 0.403555
805.987398147583 0.403555
835.9889121055603 0.403555
865.9908261299133 0.403555
895.4849700927734 0.403555
