6.93118403926093e-310 0.418352
25.860327005386353 0.418352
55.86317801475525 0.418352
85.86154985427856 0.418352
115.86799192428589 0.418352
145.88387084007263 0.418352
175.87249994277954 0.418352
205.87335896492004 0.418352
235.87961101531982 0.418352
265.8790588378906 0.418352
295.879989862442 0.418352
325.8818278312683 0.410876
355.89019298553467 0.410876
385.8960049152374 0.410876
415.90028500556946 0.410876
445.8981158733368 0.410876
475.90401101112366 0.410876
505.91138195991516 0.410876
535.9169788360596 0.410876
565.9227709770203 0.410876
595.920578956604 0.410876
625.9240000247955 0.410876
655.9638509750366 0.410876
685.9401819705963 0.410876
715.9439840316772 0.410876
745.9440958499908 0.410876
775.9456570148468 0.410876
806.0036089420319 0.410876
835.994528055191 0.410876
865.994705915451 0.410876
895.4221198558807 0.410876
