0.0 0.418352
25.708173036575317 0.418352
55.71738791465759 0.418352
85.70966601371765 0.407125
115.7171528339386 0.407125
145.73820805549622 0.407125
175.7538619041443 0.407125
205.7696509361267 0.407125
235.76174998283386 0.407125
265.7619149684906 0.40363
295.77137303352356 0.40363
325.77755188941956 0.40363
355.77758383750916 0.40363
385.7815878391266 0.40363
415.7817368507385 0.40363
445.78554701805115 0.40363
475.78840494155884 0.40363
505.7885138988495 0.40363
535.7935559749603 0.40363
565.7974898815155 0.40363
595.8494288921356 0.40363
625.8656108379364 0.40363
655.849760055542 0.40363
685.8575348854065 0.40363
715.8586649894714 0.40363
745.8655519485474 0.40363
775.8655779361725 0.40363
805.8657548427582 0.40363
835.8695418834686 0.40363
865.8696439266205 0.40363
895.2777969837189 0.40363
