0.0 0.00667127
27.51910901069641 0.00667127
57.52715301513672 0.00667127
87.56312203407288 0.0050466
117.56313896179199 0.0050466
147.5710768699646 0.0050466
177.63922095298767 0.0050466
207.62402892112732 0.0050466
237.6351020336151 0.0050466
267.6680679321289 0.0050466
297.6976020336151 0.0050466
327.7150728702545 0.0050466
357.7177929878235 0.0050466
387.7178108692169 0.0050466
417.7178339958191 0.0050466
447.7191059589386 0.0050466
477.73249101638794 0.0050466
507.73250699043274 0.0050466
537.7325279712677 0.0050466
567.7325348854065 0.0050466
597.7325508594513 0.0050466
627.732587814331 0.0050466
657.7460949420929 0.0050466
687.7460949420929 0.0050466
717.7461228370667 0.0050466
747.7461309432983 0.0050466
777.7461109161377 0.0050466
807.7461168766022 0.0050466
837.7461178302765 0.0050466
867.746132850647 0.0050466
897.7461359500885 0.0050466
927.7461388111115 0.0050466
957.7461438179016 0.0050466
987.7461438179016 0.0050466
1017.7461450099945 0.0050466
1047.7461478710175 0.0050466
1077.7461550235748 0.0050466
1107.7461669445038 0.0050466
1137.746179819107 0.0050466
1167.7461829185486 0.0050466
1197.74618601799 0.0050466
1227.7461960315704 0.0050466
1257.7462010383606 0.0050466
1287.7462058067322 0.0050466
1317.7462208271027 0.0050466
1347.746230840683 0.0050466
1377.746230840683 0.0050466
1407.7462480068207 0.0050466
1437.7462630271912 0.0050466
1467.7462649345398 0.0050466
1497.7462680339813 0.0050466
1527.7462689876556 0.0050466
1557.7462768554688 0.0050466
1587.7462899684906 0.0050466
1617.7462949752808 0.0050466
1647.7463099956512 0.0050466
1677.7463219165802 0.0050466
1707.7463269233704 0.0050466
1737.7463409900665 0.0050466
1767.7463419437408 0.0050466
1797.4621229171753 0.0050466
