0.0 0.00667127
26.020153999328613 0.00667127
55.99618196487427 0.00667127
86.00019001960754 0.00664301
116.01615500450134 0.00664301
146.02002501487732 0.00664301
176.01357102394104 0.00664301
206.01363587379456 0.00502063
236.01621103286743 0.00502063
266.0163769721985 0.00502063
296.0164108276367 0.00502063
326.0165469646454 0.00502063
356.0240168571472 0.00502063
386.0213768482208 0.00502063
416.0203368663788 0.00502063
446.03220081329346 0.00502063
476.03235697746277 0.00502063
506.05738282203674 0.00502063
536.0601968765259 0.00502063
566.0603179931641 0.00502063
596.0642068386078 0.00502063
626.0643718242645 0.00502063
656.0644779205322 0.00502063
686.0702979564667 0.00502063
716.0923600196838 0.00502063
746.0924468040466 0.00502063
776.0962069034576 0.00502063
806.0962579250336 0.00502063
836.1201050281525 0.00502063
866.1078078746796 0.00502063
895.5515179634094 0.00502063
