0.0 0.00279093914704
24.205798149108887 0.00279093914704
54.20581817626953 0.00279093914704
84.2059211730957 0.00279093914704
114.22381401062012 0.0027385255188400004
144.22977304458618 0.0027385255188400004
174.2298390865326 0.0027385255188400004
204.22998905181885 0.0027385255188400004
234.23011708259583 0.0027385255188400004
264.2635340690613 0.0027385255188400004
294.2659020423889 0.0027385255188400004
324.2697720527649 0.0027385255188400004
354.27220702171326 0.0027385255188400004
384.2723250389099 0.0027385255188400004
414.28178119659424 0.002054597025
444.2857332229614 0.002054597025
474.2857720851898 0.002054597025
504.2897310256958 0.002054597025
534.2897992134094 0.002054597025
564.2937641143799 0.002054597025
594.2938899993896 0.002054597025
624.2939782142639 0.002054597025
654.305584192276 0.002054597025
684.2978570461273 0.002054597025
714.311311006546 0.002054597025
744.3137290477753 0.002054597025
774.313775062561 0.002054597025
804.3697991371155 0.00176364800931
834.3202991485596 0.00176364800931
864.323084115982 0.00176364800931
893.7818551063538 0.00176364800931
