0.0 0.418352
25.824056148529053 0.418352
55.82551598548889 0.418352
85.82472896575928 0.410329
115.82622504234314 0.410329
145.82773208618164 0.410329
175.83580112457275 0.410329
205.8597400188446 0.410329
235.86192297935486 0.410329
265.85997700691223 0.410329
295.9298689365387 0.407125
325.9356939792633 0.407125
355.9915461540222 0.407125
385.9917080402374 0.407125
415.9957060813904 0.407125
445.99577498435974 0.407125
475.9997169971466 0.407125
506.0037269592285 0.407125
536.0038461685181 0.407125
566.0039269924164 0.407125
596.0185630321503 0.407125
626.0077741146088 0.407125
656.0129549503326 0.407125
686.0117280483246 0.407125
716.0119299888611 0.407125
746.015743970871 0.407125
776.0177509784698 0.407125
806.0277240276337 0.407125
836.0278520584106 0.407125
866.0318529605865 0.407125
895.3906569480896 0.407125
