0.0 0.418352
26.000041007995605 0.418352
56.000072956085205 0.418352
86.02320790290833 0.407125
116.02402782440186 0.407125
146.02351999282837 0.407125
176.02564692497253 0.407125
206.03900384902954 0.407125
236.0375669002533 0.407125
266.058965921402 0.407125
296.05522894859314 0.407125
326.07130002975464 0.407125
356.0791349411011 0.407125
386.0791869163513 0.407125
416.0793309211731 0.407125
446.07944083213806 0.407125
476.0831618309021 0.407125
506.09106183052063 0.407125
536.084478855133 0.407125
566.0846219062805 0.407125
596.0847568511963 0.407125
626.0848829746246 0.407125
656.0859138965607 0.407125
686.095193862915 0.407125
716.0953078269958 0.407125
746.1072068214417 0.407125
776.1072688102722 0.407125
806.1074318885803 0.407125
836.1112048625946 0.407125
866.1113269329071 0.407125
895.5025599002838 0.407125
