0.0 0.00667127
25.91109609603882 0.00667127
55.910670042037964 0.00559415
85.92468500137329 0.00559415
115.925772190094 0.0050466
145.96517205238342 0.0050466
175.97365713119507 0.0050466
205.97047400474548 0.0050466
235.97564721107483 0.00399725
265.9737741947174 0.00399725
295.99360513687134 0.00399725
325.9936430454254 0.00399725
355.99379205703735 0.00399725
385.9938271045685 0.00399725
415.9953191280365 0.00399725
445.9976170063019 0.00399725
475.99761414527893 0.00399725
506.00524520874023 0.00399725
535.9978461265564 0.00399725
566.0096671581268 0.00399725
596.0096809864044 0.00399725
626.024099111557 0.00399725
656.0297100543976 0.00399725
686.0298080444336 0.00399725
716.0336410999298 0.00399725
746.0337150096893 0.00399725
776.0336091518402 0.00399725
806.0338079929352 0.00399725
836.0340280532837 0.00399725
866.0341861248016 0.00399725
895.4811851978302 0.00399725
