0.0 0.00279093914704
24.215012073516846 0.00279093914704
54.25460910797119 0.00279093914704
84.2406370639801 0.00279093914704
114.24071002006531 0.0024879198944
144.24371814727783 0.0024879198944
174.246591091156 0.0024109163067599997
204.2430601119995 0.0024109163067599997
234.2472221851349 0.0024109163067599997
264.2435140609741 0.0024109163067599997
294.24702310562134 0.0024109163067599997
324.25100016593933 0.0024109163067599997
354.2511420249939 0.0024109163067599997
384.2826211452484 0.0024109163067599997
414.2549831867218 0.0024109163067599997
444.25497913360596 0.0024109163067599997
474.26674604415894 0.0024109163067599997
504.2614150047302 0.0024109163067599997
534.2639741897583 0.0024109163067599997
564.263934135437 0.0024109163067599997
594.2643940448761 0.0024109163067599997
624.2671191692352 0.0024109163067599997
654.2671642303467 0.0024109163067599997
684.2671821117401 0.0024109163067599997
714.2673552036285 0.0024109163067599997
744.274982213974 0.0024109163067599997
774.2789990901947 0.0024109163067599997
804.2791640758514 0.0024109163067599997
834.2793071269989 0.0024109163067599997
864.2829821109772 0.0024109163067599997
893.7829821109772 0.0024109163067599997
