0.0 0.00667127
25.91854500770569 0.00667127
55.93736290931702 0.00667127
85.93738985061646 0.00559415
115.94278383255005 0.00559415
145.9494960308075 0.00556653
175.94950985908508 0.00556653
205.95246005058289 0.00556653
235.95078301429749 0.00556653
265.9522750377655 0.00556653
295.9567699432373 0.00556653
325.95334792137146 0.00556653
355.97100496292114 0.00556653
385.9611349105835 0.00556653
415.9647698402405 0.00556653
445.9627368450165 0.00556653
475.99680495262146 0.00556653
506.01297783851624 0.00556653
536.0011699199677 0.00513475
566.0011019706726 0.00513475
596.0013289451599 0.00513475
626.0133209228516 0.00513475
656.0171279907227 0.00502063
686.0247709751129 0.00502063
716.0212440490723 0.00502063
746.0213449001312 0.00502063
776.0251140594482 0.00502063
806.0251498222351 0.00502063
836.0291209220886 0.00502063
866.0372638702393 0.00502063
895.4849169254303 0.00502063
