0.0 0.42502327
24.384345054626465 0.42502327
54.38752293586731 0.42502327
84.39513111114502 0.42502327
114.39543509483337 0.42502327
144.39935207366943 0.42502327
174.39301705360413 0.42502327
204.3918981552124 0.42502327
234.39207696914673 0.42502327
264.40354108810425 0.42502327
294.4101071357727 0.42502327
324.410129070282 0.42502327
354.4271340370178 0.42502327
384.42733907699585 0.42502327
414.4195821285248 0.42502327
444.4235200881958 0.42502327
474.42356300354004 0.42502327
504.43114495277405 0.42502327
534.4277229309082 0.42502327
564.4276630878448 0.42502327
594.4318029880524 0.42502327
624.4319081306458 0.42502327
654.4671521186829 0.42502327
684.4397161006927 0.42502327
714.4439990520477 0.42502327
744.4437580108643 0.42502327
774.4635939598083 0.42502327
804.4716820716858 0.42502327
834.4755339622498 0.42502327
864.4795250892639 0.42502327
893.922709941864 0.42502327
