0.0 0.00667127
25.988130807876587 0.00667127
55.98855400085449 0.00667127
85.98874092102051 0.0050466
115.99707579612732 0.0050466
146.00054478645325 0.0050466
176.00547885894775 0.0050466
206.01138186454773 0.0050466
236.0152268409729 0.0050466
266.0526719093323 0.0050466
296.0767319202423 0.00404039
326.12076592445374 0.00404039
356.1243369579315 0.00404039
386.1180069446564 0.00404039
416.118115901947 0.00404039
446.12762784957886 0.00404039
476.15271282196045 0.00404039
506.16832089424133 0.00404039
536.1527009010315 0.00404039
566.2081527709961 0.00404039
596.2038779258728 0.00404039
626.2206838130951 0.00404039
656.219141960144 0.00404039
686.2173459529877 0.00404039
716.2174489498138 0.00404039
746.2425649166107 0.00404039
776.2421169281006 0.00404039
806.268355846405 0.00404039
836.2565448284149 0.00404039
866.2565639019012 0.00404039
895.5641379356384 0.00404039
