0.0 0.00667127
25.89890217781067 0.00667127
55.90385699272156 0.00504033
85.90382719039917 0.00504033
115.90606117248535 0.00504033
145.90466499328613 0.00504033
175.90474700927734 0.00504033
205.90481901168823 0.00504033
235.915776014328 0.00504033
265.91583919525146 0.00504033
295.9159879684448 0.00504033
325.9198441505432 0.00504033
355.9278199672699 0.00504033
385.9518961906433 0.00504033
415.95661306381226 0.00504033
445.9637620449066 0.00504033
475.9680850505829 0.00504033
505.968209028244 0.00504033
535.9717841148376 0.00504033
565.9757900238037 0.00504033
595.9758610725403 0.00504033
625.9838030338287 0.00504033
655.9839050769806 0.00504033
685.9840071201324 0.00504033
715.9840211868286 0.00504033
745.9841690063477 0.00504033
775.9842641353607 0.00504033
805.9843080043793 0.00504033
835.9842481613159 0.00504033
865.9997861385345 0.00504033
895.4689321517944 0.00504033
