0.0 0.00667127
25.848364114761353 0.00667127
55.86287307739258 0.00504661
85.876540184021 0.0050466
115.88443517684937 0.0050466
145.91640901565552 0.0050466
175.91846704483032 0.0050466
205.9284131526947 0.00401667
235.9324541091919 0.00401667
265.9324390888214 0.00401667
295.9459979534149 0.00401667
325.9519910812378 0.00401667
355.9485261440277 0.00401667
385.94869112968445 0.00401667
415.9602370262146 0.00401667
445.9563961029053 0.00401667
475.95850014686584 0.00401667
505.9682161808014 0.00401667
535.9605679512024 0.00401667
565.9606940746307 0.00401667
595.9607169628143 0.00401667
625.9643950462341 0.00401667
655.964555978775 0.00401667
685.9683339595795 0.00401667
715.9684779644012 0.00401667
745.9685089588165 0.00401667
775.9714360237122 0.00401667
805.9699070453644 0.00401667
835.9803931713104 0.00401667
865.9806129932404 0.00401667
895.9960050582886 0.00401667
925.9807579517365 0.00401667
956.0063011646271 0.00401667
986.0064630508423 0.00401667
1016.0070669651031 0.00401667
1046.0067880153656 0.00401667
1076.00838804245 0.00401667
1106.0522179603577 0.00401667
1136.0454530715942 0.00401667
1166.0724799633026 0.00401667
1196.084200143814 0.00401667
1226.080768108368 0.00401667
1256.080852985382 0.00401667
1286.0963640213013 0.00401667
1316.089583158493 0.00401667
1346.0964050292969 0.00401667
1376.096410036087 0.00401667
1406.0963921546936 0.00401667
1436.0965750217438 0.00401667
1466.0965571403503 0.00401667
1496.0966160297394 0.00401667
1526.0967190265656 0.00401667
1556.0974740982056 0.00401667
1586.0968880653381 0.00401667
1616.0974731445312 0.00401667
1646.0975811481476 0.00401667
1676.1003091335297 0.00401667
1706.1003580093384 0.00401667
1736.1112480163574 0.00401667
1766.1084570884705 0.00401667
1795.4596841335297 0.00401667
