0.0 0.42502327
24.15367102622986 0.42502327
54.16903114318848 0.42502327
84.17323398590088 0.42502327
114.17346096038818 0.42502327
144.17743706703186 0.41602072
174.1930730342865 0.41602072
204.18560695648193 0.41602072
234.19727110862732 0.41602072
264.1936409473419 0.41602072
294.1958611011505 0.41602072
324.1990029811859 0.41602072
354.2014949321747 0.41602072
384.21746802330017 0.41602072
414.2174689769745 0.41602072
444.2302279472351 0.41602072
474.22909212112427 0.41602072
504.23017597198486 0.41602072
534.2295389175415 0.41602072
564.2295830249786 0.41602072
594.2370300292969 0.41602072
624.2462160587311 0.41602072
654.2456560134888 0.41602072
684.2493960857391 0.41602072
714.253427028656 0.41602072
744.253445148468 0.41602072
774.2612130641937 0.41602072
804.269670009613 0.41602072
834.2732350826263 0.41602072
864.2698500156403 0.41602072
893.7167520523071 0.41602072
