0.0 0.418352
25.817877054214478 0.418352
55.81622791290283 0.418352
85.81932806968689 0.418352
115.82151508331299 0.418352
145.8318910598755 0.418352
175.83189988136292 0.418352
205.82485008239746 0.418352
235.82486605644226 0.418352
265.8291449546814 0.418352
295.82816791534424 0.418352
325.8286828994751 0.418352
355.8284909725189 0.418352
385.8322250843048 0.418352
415.8322138786316 0.418352
445.87569308280945 0.418352
475.856271982193 0.418352
505.8678960800171 0.418352
535.8619000911713 0.418352
565.8640990257263 0.418352
595.8642690181732 0.418352
625.8644070625305 0.418352
655.8644669055939 0.418352
685.8646249771118 0.418352
715.8996920585632 0.418352
745.8983869552612 0.418352
775.898638010025 0.418352
805.8984589576721 0.418352
835.8984899520874 0.418352
865.8986299037933 0.418352
895.385153055191 0.418352
