0.0 0.00667127
25.906490087509155 0.00667127
55.92261600494385 0.00559415
85.93879103660583 0.00502063
115.93896293640137 0.00502063
145.93899393081665 0.00502063
175.9546720981598 0.00502063
205.96410989761353 0.00502063
235.96095895767212 0.00502063
265.9735360145569 0.00502063
295.9786341190338 0.00502063
325.9951710700989 0.00502063
355.99478697776794 0.00502063
385.99489307403564 0.00502063
416.000519990921 0.00502063
446.0066270828247 0.00502063
476.01339507102966 0.00502063
506.01822900772095 0.00502063
536.0147430896759 0.00502063
566.0186059474945 0.00502063
596.022586107254 0.00502063
626.0226130485535 0.00502063
656.0265929698944 0.00502063
686.0706400871277 0.00502063
716.050607919693 0.00412416
746.0537919998169 0.00412416
776.0538189411163 0.00409923
806.0546309947968 0.00409923
836.0649828910828 0.00409923
866.0670690536499 0.00409923
895.2144269943237 0.00409923
