0.0 0.00279093914704
24.2592031955719 0.00279093914704
54.26288914680481 0.00279093914704
84.25937914848328 0.00279093914704
114.26288414001465 0.00279093914704
144.2594861984253 0.00279093914704
174.26184916496277 0.00279093914704
204.26445603370667 0.00279093914704
234.26303005218506 0.00279093914704
264.2670750617981 0.00279093914704
294.271094083786 0.00279093914704
324.2712161540985 0.00279093914704
354.27867913246155 0.00279093914704
384.27467918395996 0.00279093914704
414.29534220695496 0.00279093914704
444.31919407844543 0.00279093914704
474.3192400932312 0.00279093914704
504.32307600975037 0.00279093914704
534.3231611251831 0.00279093914704
564.3306791782379 0.00272582693664
594.3233590126038 0.00272582693664
624.3234190940857 0.00272582693664
654.331062078476 0.00272582693664
684.3353521823883 0.00272582693664
714.335333108902 0.00272582693664
744.3503761291504 0.00272582693664
774.3391931056976 0.00272582693664
804.3510820865631 0.00272582693664
834.3529260158539 0.00272582693664
864.3519060611725 0.00272582693664
893.8390409946442 0.00272582693664
