0.0 0.00667127
25.912811994552612 0.00667127
55.95793890953064 0.0050466
85.9579827785492 0.0050466
115.95844197273254 0.0050466
145.9668219089508 0.0050466
175.96884679794312 0.0050466
205.98843789100647 0.0050466
235.9923119544983 0.0050466
265.9939618110657 0.0050466
295.9939877986908 0.0050466
325.99410796165466 0.0050466
355.99628591537476 0.0040285
386.00430178642273 0.0040285
416.00439286231995 0.0040285
446.00444078445435 0.0040285
476.0067319869995 0.0040285
506.00696897506714 0.0040285
536.0282468795776 0.0040285
566.0322268009186 0.0040285
596.0325047969818 0.0040285
626.032458782196 0.0040285
656.0324637889862 0.0040285
686.0325269699097 0.0040285
716.0326449871063 0.0040285
746.0520939826965 0.0040285
776.0364458560944 0.0040285
806.0382068157196 0.0040285
836.044095993042 0.0040285
866.0403029918671 0.0040285
895.2162868976593 0.0040285
