0.0 0.00667127
25.978426933288574 0.00667127
55.98599886894226 0.00667127
85.97861194610596 0.00667127
115.97920298576355 0.00667127
145.9901738166809 0.00664301
176.00199580192566 0.00664301
205.99887490272522 0.00664301
235.9947168827057 0.00664301
265.99479484558105 0.00664301
295.99492287635803 0.00664301
326.0023818016052 0.00664301
356.0107409954071 0.00664301
386.00257396698 0.00664301
416.0136330127716 0.00664301
446.0136878490448 0.00664301
476.0137197971344 0.00664301
506.0346620082855 0.00664301
536.0386509895325 0.00664301
566.0499978065491 0.00664301
596.0388579368591 0.00664301
626.0423889160156 0.00664301
656.0472438335419 0.00664301
686.0463819503784 0.00664301
716.0503828525543 0.00664301
746.0704448223114 0.00664301
776.0705378055573 0.00664301
806.0706717967987 0.00664301
836.0743730068207 0.00664301
866.0744259357452 0.00664301
895.5464088916779 0.00664301
