0.0 0.00667127
25.87672209739685 0.00667127
55.876734018325806 0.00667127
85.92236995697021 0.0050466
115.91673493385315 0.0050466
145.9181730747223 0.0050466
175.9181489944458 0.0050466
205.9965901374817 0.0050466
235.99320006370544 0.0050466
266.0203399658203 0.0050466
296.0007059574127 0.0050466
326.00084495544434 0.0050466
356.0013151168823 0.0050466
386.0009090900421 0.0050466
416.00105714797974 0.0050466
446.0166320800781 0.0050466
476.01739597320557 0.0050466
506.01742911338806 0.0050466
536.0174429416656 0.0050466
566.0245101451874 0.0050466
596.0207059383392 0.0050466
626.0846350193024 0.0050466
656.0769231319427 0.0050466
686.077082157135 0.0050466
716.0809481143951 0.0050466
746.0812439918518 0.0050466
776.0812311172485 0.0050466
806.0812630653381 0.0050466
836.0814189910889 0.0050466
866.08282995224 0.0050466
895.4607119560242 0.0050466
