0.0 0.00279093914704
24.174965143203735 0.00279093914704
54.18025612831116 0.00279093914704
84.19383597373962 0.00279093914704
114.19392013549805 0.0027385255188400004
144.19611120224 0.0027385255188400004
174.20190596580505 0.0027385255188400004
204.2149350643158 0.0027385255188400004
234.22676801681519 0.0027385255188400004
264.2196981906891 0.0027385255188400004
294.21976113319397 0.0027385255188400004
324.2198371887207 0.0027385255188400004
354.21985816955566 0.0027385255188400004
384.21999502182007 0.002054597025
414.22010803222656 0.002054597025
444.22027802467346 0.002054597025
474.22299003601074 0.00203405037315
504.2385621070862 0.00203405037315
534.223128080368 0.00203405037315
564.2625741958618 0.00203405037315
594.2309501171112 0.00203405037315
624.2309601306915 0.00203405037315
654.2309651374817 0.00203405037315
684.2311010360718 0.00203405037315
714.2347571849823 0.00203405037315
744.2330729961395 0.00203405037315
774.23291015625 0.00203405037315
804.2361080646515 0.00203405037315
834.2648820877075 0.00203405037315
864.2631809711456 0.00203405037315
893.7469589710236 0.00203405037315
