0.0 0.00279093914704
24.13412094116211 0.00279093914704
54.13811898231506 0.00279093914704
84.13819599151611 0.00279093914704
114.13834285736084 0.00279093914704
144.14993381500244 0.00279093914704
174.15028595924377 0.0024879198944
204.15033602714539 0.0024879198944
234.15088486671448 0.0024879198944
264.15415692329407 0.0024879198944
294.15415596961975 0.0024879198944
324.1543228626251 0.0024879198944
354.1575210094452 0.0024879198944
384.1580948829651 0.0024879198944
414.158255815506 0.0024879198944
444.1657328605652 0.0024879198944
474.20608592033386 0.0024879198944
504.1746129989624 0.0024879198944
534.1744019985199 0.0024879198944
564.1744818687439 0.0024879198944
594.1857199668884 0.0024109163067599997
624.1780710220337 0.0024109163067599997
654.1815040111542 0.0024109163067599997
684.1821038722992 0.0024109163067599997
714.1885659694672 0.0024109163067599997
744.1886758804321 0.0024109163067599997
774.1901068687439 0.0024109163067599997
804.2181758880615 0.0024109163067599997
834.2339539527893 0.0024109163067599997
864.226105928421 0.0024109163067599997
893.4980590343475 0.0024109163067599997
