0.0 0.00667127
25.906903982162476 0.00667127
55.91021203994751 0.00559415
85.93453407287598 0.00559415
115.93449902534485 0.00559415
145.93819499015808 0.00559415
175.94220495224 0.00556653
205.9462239742279 0.00505288
235.94625997543335 0.00505288
265.9523091316223 0.00505288
295.9742820262909 0.00505288
325.9961521625519 0.00505288
355.9961621761322 0.00505288
386.00228810310364 0.00505288
416.0023260116577 0.00505288
446.00235414505005 0.00505288
476.00613713264465 0.00505288
506.0061731338501 0.00505288
536.0102081298828 0.00505288
566.010400056839 0.00505288
596.0181920528412 0.00505288
626.0222210884094 0.00505288
656.0223381519318 0.00505288
686.0262050628662 0.00505288
716.0262401103973 0.00505288
746.0263819694519 0.00505288
776.0465121269226 0.00505288
806.0464639663696 0.00505288
836.0477170944214 0.00505288
866.0541989803314 0.00505288
895.180330991745 0.00505288
