0.0 0.418352
25.87337303161621 0.418352
55.89930605888367 0.418352
85.90187907218933 0.410876
115.90279793739319 0.410876
145.90701699256897 0.410876
175.90716195106506 0.410876
205.9075710773468 0.409362
235.914617061615 0.409362
265.90760803222656 0.409362
295.90766501426697 0.409362
325.9112169742584 0.409362
355.91120505332947 0.409362
385.9112949371338 0.409362
415.9149739742279 0.406785
445.91905999183655 0.406785
475.9191749095917 0.406785
505.91936111450195 0.406785
535.9230000972748 0.406785
565.9270341396332 0.406785
595.9271919727325 0.406785
625.9309940338135 0.406785
655.9311211109161 0.406785
685.931186914444 0.406785
715.9313371181488 0.406785
745.9552121162415 0.406785
775.9551270008087 0.406785
805.9555521011353 0.406785
835.9556529521942 0.406785
865.963005065918 0.406785
895.451005935669 0.406785
