0.0 0.418352
25.78587007522583 0.418352
55.79997491836548 0.418352
85.80054211616516 0.418352
115.79973793029785 0.407125
145.80475401878357 0.407125
175.8047730922699 0.407125
205.80678510665894 0.407125
235.80490899085999 0.407125
265.80973505973816 0.407125
295.81633710861206 0.407125
325.81273007392883 0.407125
355.81283593177795 0.407125
385.8182270526886 0.407125
415.8170120716095 0.407125
445.8170680999756 0.407125
475.8245279788971 0.407125
505.82854413986206 0.407125
535.820729970932 0.407125
565.8286900520325 0.407125
595.8488240242004 0.407125
625.8489100933075 0.407125
655.8490569591522 0.407125
685.8608560562134 0.407125
715.8647201061249 0.407125
745.8687291145325 0.407125
775.8688061237335 0.407125
805.8758609294891 0.407125
835.8779449462891 0.407125
865.8780701160431 0.407125
895.3557980060577 0.407125
