0.0 0.00667127
25.988168954849243 0.00667127
55.99097681045532 0.0050466
85.98896479606628 0.0050466
115.9891209602356 0.0050466
145.98915481567383 0.0050466
175.99746179580688 0.0050466
206.00003695487976 0.00502063
236.00398588180542 0.00502063
266.0059537887573 0.00502063
296.0071659088135 0.00502063
326.00796699523926 0.00502063
356.0122809410095 0.00502063
386.01996779441833 0.00502063
416.0230669975281 0.00502063
446.0205500125885 0.00502063
476.47599387168884 0.00502063
506.47598481178284 0.00502063
536.4799950122833 0.00502063
566.4880299568176 0.00502063
596.4881730079651 0.00502063
626.4919579029083 0.00502063
656.4919219017029 0.00502063
686.4920108318329 0.00502063
716.5195717811584 0.00502063
746.5199778079987 0.00502063
776.519984960556 0.00502063
806.5279579162598 0.00502063
836.552060842514 0.00502063
866.5635759830475 0.00502063
895.5479278564453 0.00502063
