0.0 0.42502327
24.17441415786743 0.42502327
54.17530703544617 0.42502327
84.18321418762207 0.42502327
114.19084119796753 0.42502327
144.1898410320282 0.41537561
174.18855214118958 0.41537561
204.18853306770325 0.41537561
234.18860507011414 0.41537561
264.1952202320099 0.41537561
294.1952922344208 0.41537561
324.19578313827515 0.41537561
354.20019602775574 0.41537561
384.20323300361633 0.41537561
414.2151072025299 0.41537561
444.2114841938019 0.41537561
474.2232940196991 0.41537561
504.22981810569763 0.41537561
534.2298860549927 0.41537561
564.2327320575714 0.41537561
594.2309770584106 0.41537561
624.2407112121582 0.41537561
654.2406661510468 0.41537561
684.2394142150879 0.41537561
714.2432491779327 0.41537561
744.2437901496887 0.41537561
774.2438540458679 0.41537561
804.2440052032471 0.41537561
834.2510230541229 0.41537561
864.2555730342865 0.41537561
893.7033171653748 0.41537561
