0.0 0.00667127
25.947530031204224 0.00667127
55.95491909980774 0.00667127
85.95866012573242 0.00559415
115.95880699157715 0.00559415
145.9626190662384 0.00559415
175.96267414093018 0.00559415
205.96272706985474 0.00559415
235.96661019325256 0.00559415
265.9702031612396 0.00559415
295.967236995697 0.00559415
325.9746150970459 0.00559415
355.9825050830841 0.00559415
385.98257303237915 0.00559415
415.9826521873474 0.00559415
446.0068280696869 0.00559415
476.00676918029785 0.00559415
506.00694012641907 0.00559415
536.0207941532135 0.00559415
566.0104100704193 0.00559415
596.0105919837952 0.00559415
626.0145959854126 0.00559415
656.0226130485535 0.00559415
686.0226061344147 0.00559415
716.0302059650421 0.00559415
746.0227770805359 0.00559415
776.0227901935577 0.00559415
806.0266120433807 0.00559415
836.0283529758453 0.00502064
866.0278961658478 0.00502064
895.5224530696869 0.00502064
