0.0 0.00667127
26.011958837509155 0.00667127
56.01206088066101 0.00559415
86.02154779434204 0.0050466
116.02405285835266 0.0050466
146.02404284477234 0.0050466
176.03584480285645 0.0050466
206.03595399856567 0.0050466
236.03814792633057 0.0050466
266.03624081611633 0.0050466
296.03984093666077 0.0050466
326.0398848056793 0.0050466
356.0449728965759 0.0050466
386.044056892395 0.0050466
416.04704880714417 0.0050466
446.06406688690186 0.0050466
476.07545590400696 0.0050466
506.071799993515 0.0050466
536.0718009471893 0.0050466
566.0719699859619 0.0050466
596.0720930099487 0.0050466
626.0798377990723 0.0050466
656.083822965622 0.0050466
686.0841209888458 0.0050466
716.0839879512787 0.0050466
746.10564494133 0.0050466
776.1078410148621 0.0050466
806.10795378685 0.0050466
836.1125888824463 0.0050466
866.1125819683075 0.0050466
895.534304857254 0.0050466
