0.0 0.00279093914704
24.305938005447388 0.00279093914704
54.30814504623413 0.00279093914704
84.31421899795532 0.00279093914704
114.31616592407227 0.00279093914704
144.3188660144806 0.00279093914704
174.31886196136475 0.00279093914704
204.31889986991882 0.00279093914704
234.3189239501953 0.00279093914704
264.3208339214325 0.00279093914704
294.3505640029907 0.00279093914704
324.3521020412445 0.00279093914704
354.3522198200226 0.00279093914704
384.3521330356598 0.00279093914704
414.3562948703766 0.00279093914704
444.3679430484772 0.00279093914704
474.36812686920166 0.00279093914704
504.3693709373474 0.00279093914704
534.3876519203186 0.00279093914704
564.3789570331573 0.00279093914704
594.3789818286896 0.00266926984127
624.3801469802856 0.00266926984127
654.3959510326385 0.00266926984127
684.3921399116516 0.00266926984127
714.392138004303 0.00266926984127
744.3997459411621 0.00266926984127
774.4006860256195 0.00266926984127
804.4031870365143 0.0025748954726899998
834.477285861969 0.0025748954726899998
864.47731590271 0.0025748954726899998
893.8803699016571 0.0025748954726899998
