0.0 0.00667127
25.89624285697937 0.00667127
55.896316051483154 0.00665872
85.90317392349243 0.0050466
115.91310501098633 0.0050466
145.90921306610107 0.0050466
175.90925407409668 0.0050466
205.90939593315125 0.0050466
235.91939496994019 0.0050466
265.9233660697937 0.0050466
295.9389669895172 0.0050466
325.93706703186035 0.0050466
355.93811106681824 0.0050466
385.9453570842743 0.0050466
415.9585440158844 0.0050466
445.9593470096588 0.0050466
475.96745586395264 0.0050466
505.9794239997864 0.0050466
535.9875030517578 0.0050466
565.9874839782715 0.0050466
596.0410540103912 0.0050466
625.9882230758667 0.0050466
656.0149669647217 0.0050466
685.9993078708649 0.0050466
716.0033450126648 0.0050466
746.004380941391 0.0050466
776.0191700458527 0.0050466
806.0393929481506 0.0050466
836.0506789684296 0.0050466
866.0473639965057 0.0050466
895.4671230316162 0.0050466
