0.0 0.00667127
25.935710906982422 0.00667127
55.95820379257202 0.00667127
85.96732783317566 0.00667127
115.96363878250122 0.00667127
145.97029280662537 0.00667127
175.9714949131012 0.00667127
205.97570776939392 0.00667127
235.97589492797852 0.00667127
266.00635981559753 0.00667127
296.0194878578186 0.0050466
326.01169776916504 0.0050466
356.0118429660797 0.0050466
386.0156829357147 0.0050466
416.01568484306335 0.0050466
446.0272858142853 0.00503453
476.0674629211426 0.00503453
506.07578778266907 0.00503453
536.0758409500122 0.00503453
566.0759878158569 0.00503453
596.0759258270264 0.00503453
626.0796468257904 0.00503453
656.0836658477783 0.00503453
686.0836617946625 0.00503453
716.0838167667389 0.00503453
746.0838367938995 0.00503453
776.1157639026642 0.00503453
806.1178247928619 0.00503453
836.1178658008575 0.00503453
866.1396949291229 0.00503453
895.3516399860382 0.00503453
