0.0 0.00667127
25.986561059951782 0.00667127
55.9901340007782 0.00667127
85.99413394927979 0.00399725
115.98686385154724 0.00394818
145.98686504364014 0.00394818
175.99049997329712 0.00394818
205.99053192138672 0.00394818
235.99824285507202 0.00394818
266.0074179172516 0.00394818
296.0464918613434 0.00394818
326.00559401512146 0.00394818
356.0065269470215 0.00394818
386.0065438747406 0.00394818
416.0067250728607 0.00394818
446.00681591033936 0.00394818
476.00694584846497 0.00394818
506.0119779109955 0.00394818
536.0105180740356 0.00394818
566.0105209350586 0.00394818
596.018522977829 0.00394818
626.0186278820038 0.00394818
656.01873087883 0.00394818
686.0385859012604 0.00394818
716.0386960506439 0.00394818
746.0424909591675 0.00394818
776.0461308956146 0.00394818
806.0503149032593 0.00394818
836.0496718883514 0.00394818
866.0538458824158 0.00394818
895.5664708614349 0.00394818
