0.0 0.418352
25.971593856811523 0.418352
55.97157692909241 0.418352
85.97185802459717 0.407125
115.99144196510315 0.407125
145.98402190208435 0.407125
176.01577496528625 0.407125
205.9920380115509 0.407125
235.99204206466675 0.407125
265.9960298538208 0.407125
296.00784397125244 0.407125
326.020103931427 0.407125
356.027626991272 0.407125
386.035835981369 0.407125
416.0359969139099 0.407125
446.0361499786377 0.407125
476.0398268699646 0.407125
506.0409679412842 0.407125
536.0478320121765 0.407125
566.0495929718018 0.407125
596.049439907074 0.407125
626.0524368286133 0.407125
656.052405834198 0.407125
686.0558059215546 0.407125
716.0558829307556 0.407125
746.0561728477478 0.407125
776.0561599731445 0.407125
806.0562059879303 0.407125
836.0608160495758 0.407125
866.0609369277954 0.407125
895.5474388599396 0.407125
