0.0 0.00667127
26.00023889541626 0.00667127
56.01575207710266 0.00667127
86.00796890258789 0.0050466
116.02014803886414 0.0050466
146.02818393707275 0.00502063
176.04780387878418 0.00502063
206.0382080078125 0.00502063
236.03824996948242 0.00502063
266.0437738895416 0.00502063
296.03903794288635 0.00502063
326.0399398803711 0.00502063
356.04011487960815 0.00502063
386.04804491996765 0.00502063
416.0481390953064 0.00502063
446.0495750904083 0.00502063
476.0487070083618 0.00502063
506.0519540309906 0.00502063
536.0595660209656 0.00502063
566.0640890598297 0.00502063
596.0642590522766 0.00502063
626.0647549629211 0.00502063
656.0647060871124 0.00502063
686.0648889541626 0.00502063
716.0839998722076 0.00502063
746.0997650623322 0.00502063
776.0963759422302 0.00502063
806.0966808795929 0.00502063
836.0965459346771 0.00502063
866.0966658592224 0.00502063
895.5731530189514 0.00502063
