0.0 0.00667127
25.87676191329956 0.00667127
55.87787485122681 0.0050466
85.88611006736755 0.0050466
115.89272594451904 0.0050466
145.8946409225464 0.0050466
175.89652585983276 0.0050466
205.89660906791687 0.0050466
235.89673686027527 0.0050466
265.90055298805237 0.00502063
295.9027769565582 0.00502063
325.90792989730835 0.00502063
355.91254687309265 0.00502063
385.91264605522156 0.00502063
415.91496896743774 0.00502063
445.9131178855896 0.00502063
475.9406969547272 0.00502063
505.94989800453186 0.00502063
535.9487099647522 0.00502063
565.9522020816803 0.00502063
595.9525048732758 0.00502063
625.9605679512024 0.00502063
656.0168740749359 0.00502063
686.0150308609009 0.00502063
716.0165269374847 0.00502063
746.016676902771 0.00502063
776.0323278903961 0.00502063
806.024621963501 0.00502063
836.0247099399567 0.00502063
866.0248520374298 0.00502063
895.4488189220428 0.00502063
