0.0 0.00667127
25.901414155960083 0.00667127
55.90462112426758 0.00667127
85.9049141407013 0.00564904
115.94327402114868 0.00564904
145.934730052948 0.00564904
175.94020414352417 0.00564904
205.93695402145386 0.00564904
235.93698811531067 0.00564904
265.94074296951294 0.00564904
295.9485881328583 0.00564904
325.9527349472046 0.00564904
355.9844300746918 0.00564904
385.9766080379486 0.00564904
415.9886119365692 0.00564904
446.00467705726624 0.00564904
475.9927999973297 0.00564904
505.99659609794617 0.00564904
535.9966149330139 0.00564904
566.0165870189667 0.00564904
596.0168061256409 0.00564904
626.016979932785 0.00564904
656.0170600414276 0.00564904
686.0173230171204 0.00564904
716.0245940685272 0.00564904
746.0246391296387 0.00564904
776.0262291431427 0.00564904
806.0326840877533 0.00564904
836.032683134079 0.00564904
866.0337970256805 0.00564904
895.4592170715332 0.00564904
