0.0 0.00667127
25.88777494430542 0.00667127
55.89107298851013 0.00667127
85.90332007408142 0.00664301
115.90726208686829 0.0050466
145.90738892555237 0.0050466
175.91936898231506 0.0050466
205.92728805541992 0.0050466
235.9273591041565 0.0050466
265.92742109298706 0.0050466
295.927570104599 0.0050466
325.92760705947876 0.0050466
355.9312129020691 0.0050466
385.9313020706177 0.0050466
415.9513039588928 0.0050466
445.94725704193115 0.0050466
475.99950408935547 0.0050466
506.01085805892944 0.0050466
536.007257938385 0.0050466
566.0139150619507 0.0050466
596.0139489173889 0.0050466
626.0232739448547 0.0050466
656.0409660339355 0.0050466
686.0409269332886 0.0050466
716.0466740131378 0.0050466
746.0472719669342 0.0050466
776.0474319458008 0.0050466
806.0475950241089 0.0050466
836.0556280612946 0.0050466
866.0514199733734 0.0050466
895.346302986145 0.0050466
