0.0 0.00667127
25.869009971618652 0.00667127
55.86905217170715 0.00559415
85.89038705825806 0.00559415
115.8904960155487 0.00559415
145.89063096046448 0.00559415
175.89248609542847 0.00559415
205.8943030834198 0.00559415
235.89534306526184 0.00559415
265.8982970714569 0.00559415
295.902312040329 0.00559415
325.91031312942505 0.00559415
355.91092896461487 0.00559415
385.9110059738159 0.00559415
415.91101908683777 0.00559415
445.9142391681671 0.00559415
475.9142711162567 0.00559415
505.9343490600586 0.00559415
535.9421050548553 0.00559415
565.9382970333099 0.00559415
595.9382710456848 0.00556653
625.9384410381317 0.00556653
655.9479351043701 0.00556653
685.9502940177917 0.00556653
715.9619059562683 0.00556653
745.9543981552124 0.00556653
775.9625170230865 0.00556653
805.9665031433105 0.00556653
835.9704270362854 0.00556653
865.9865350723267 0.00556653
895.435084104538 0.00556653
