0.0 0.00667127
25.88313889503479 0.00667127
55.88498091697693 0.00667127
85.89269399642944 0.00559415
115.88784098625183 0.00559415
145.8861129283905 0.00559415
175.88618397712708 0.00403505
205.8864758014679 0.00403505
235.88889980316162 0.00403505
265.8888998031616 0.00403505
295.8957839012146 0.00403505
325.90850281715393 0.00403505
355.91473484039307 0.00403505
385.91455483436584 0.00403505
415.9156038761139 0.00403505
445.9168918132782 0.00403505
475.9567379951477 0.00403505
505.9450008869171 0.00403505
535.9618618488312 0.00403505
565.9568829536438 0.00403505
595.9585638046265 0.00403505
625.9685089588165 0.00403505
655.9880449771881 0.00403505
685.9928998947144 0.00403505
715.9930698871613 0.00403505
745.9930748939514 0.00403505
775.9931797981262 0.00403505
806.0369567871094 0.00403505
836.0283877849579 0.00403505
866.0302999019623 0.00403505
895.452348947525 0.00403505
