0.0 0.00667127
25.87658715248108 0.00667127
55.88042402267456 0.00559415
85.8965539932251 0.00559415
115.91608595848083 0.00559415
145.92062616348267 0.00559415
175.91735816001892 0.00559415
205.91878509521484 0.00559415
235.91814303398132 0.00559415
265.9233980178833 0.00559415
295.92347407341003 0.00559415
325.9286391735077 0.00559415
355.928750038147 0.00559415
385.9287450313568 0.00559415
415.9324390888214 0.00559415
445.93391513824463 0.00559415
475.93316316604614 0.00559415
505.9482080936432 0.00559415
535.9484250545502 0.00559415
565.9486811161041 0.00559415
595.94873213768 0.00559415
625.9523530006409 0.00559415
655.9565060138702 0.00559415
685.956563949585 0.00559415
715.9723501205444 0.00559415
745.976401090622 0.00559415
775.976469039917 0.00559415
806.0366599559784 0.00559415
836.0365951061249 0.00559415
866.0398890972137 0.00559415
895.4524171352386 0.00559415
