0.0 0.00667127
25.811795949935913 0.00667127
55.81716513633728 0.00667127
85.82615804672241 0.0050466
115.85315608978271 0.0050466
145.8573820590973 0.0050466
175.85746312141418 0.0050466
205.86115312576294 0.0050466
235.8575439453125 0.0050466
265.86537504196167 0.00502063
295.8653709888458 0.00502063
325.8729531764984 0.00502063
355.8774881362915 0.00502063
385.8851521015167 0.00502063
415.8853621482849 0.00502063
445.8855221271515 0.00502063
475.9094440937042 0.00502063
505.9094560146332 0.00502063
535.9094779491425 0.00502063
565.9140660762787 0.00502063
595.9137010574341 0.00502063
625.917337179184 0.00502063
655.9186489582062 0.00502063
685.9213399887085 0.00502063
715.921334028244 0.00502063
745.9235470294952 0.00502063
775.925302028656 0.00502063
805.9234471321106 0.00502063
835.9271070957184 0.00502063
865.9293360710144 0.00502063
895.113343000412 0.00502063
