0.0 0.00279093914704
24.29672908782959 0.00279093914704
54.25660705566406 0.00279093914704
84.25968408584595 0.0024879198944
114.2807559967041 0.0024879198944
144.28076100349426 0.0024879198944
174.2881679534912 0.0024879198944
204.284569978714 0.0024879198944
234.3127510547638 0.0024879198944
264.3127689361572 0.0024879198944
294.3128590583801 0.0024879198944
324.31297993659973 0.00197632434225
354.3206880092621 0.00197632434225
384.33237195014954 0.00197632434225
414.33370208740234 0.00197632434225
444.3366780281067 0.00197632434225
474.3366539478302 0.00197632434225
504.33668208122253 0.00197632434225
534.3367400169373 0.00197632434225
564.3376889228821 0.00197632434225
594.3376650810242 0.00197632434225
624.3377320766449 0.00197632434225
654.3804039955139 0.00197632434225
684.3566339015961 0.00197632434225
714.3645451068878 0.00197632434225
744.3723700046539 0.00197632434225
774.3687469959259 0.00197632434225
804.3687260150909 0.00197632434225
834.3926091194153 0.00197632434225
864.3725910186768 0.00197632434225
893.796991109848 0.00197632434225
