0.0 0.00667127
25.816712856292725 0.00667127
55.80585980415344 0.00559415
85.80577683448792 0.00559415
115.80584597587585 0.00559415
145.8058958053589 0.00559415
175.81717491149902 0.0055699
205.81514286994934 0.00556653
235.81374096870422 0.00556653
265.8175618648529 0.00556653
295.8175709247589 0.00556653
325.8176519870758 0.00556653
355.81963896751404 0.00556653
385.8197889328003 0.00556653
415.82556200027466 0.00556653
445.8295419216156 0.00556653
475.8295578956604 0.00556653
505.8323509693146 0.00556653
535.8335199356079 0.00556653
565.8578579425812 0.00556653
595.8616199493408 0.00556653
625.865170955658 0.00556653
655.8653450012207 0.00556653
685.8733887672424 0.00556653
715.8655848503113 0.00556653
745.8684949874878 0.00556653
775.8693559169769 0.00556653
805.8735628128052 0.00556653
835.8735737800598 0.00556653
865.8893678188324 0.00556653
895.1052048206329 0.00556653
