0.0 0.418352
25.897817134857178 0.418352
55.901859998703 0.418352
85.90582919120789 0.418352
115.90343618392944 0.418352
145.9058530330658 0.414124
175.9059021472931 0.413148
205.909823179245 0.413148
235.90987014770508 0.413148
265.90995597839355 0.413148
295.91779708862305 0.413148
325.9218330383301 0.413148
355.92182517051697 0.413148
385.9294421672821 0.413148
415.92585611343384 0.413148
445.97236919403076 0.413148
475.98066997528076 0.413148
506.0100271701813 0.413148
536.0099630355835 0.409362
566.0100510120392 0.409362
596.0100951194763 0.409362
626.0101630687714 0.409362
656.0101971626282 0.409362
686.0176491737366 0.409362
716.0140051841736 0.409362
746.0140190124512 0.409362
776.0141620635986 0.409362
806.0294461250305 0.409362
836.02578997612 0.409362
866.0258510112762 0.409362
895.4689891338348 0.409362
