0.0 0.00667127
25.91102695465088 0.00667127
55.91100001335144 0.00667127
85.91117405891418 0.00665872
115.91879796981812 0.00665872
145.9236330986023 0.00665872
175.92295694351196 0.00665872
205.93302297592163 0.00665872
235.95223808288574 0.00665872
265.9506001472473 0.00665872
295.9547870159149 0.00665872
325.9548830986023 0.00665872
355.9587459564209 0.00665872
385.96258997917175 0.00665872
415.95892310142517 0.00665872
445.9590289592743 0.00665872
475.9627981185913 0.00665872
505.96434211730957 0.00665872
535.9706029891968 0.00665872
565.9631640911102 0.00665872
595.9709620475769 0.00665872
625.9828021526337 0.00665872
656.0024039745331 0.00665872
685.9828300476074 0.00665872
716.018404006958 0.00665872
746.0064001083374 0.00665872
776.0188190937042 0.00665872
806.0188231468201 0.00665872
836.0188429355621 0.00665872
866.0344049930573 0.00665872
895.4814150333405 0.00665872
