0.0 0.00667127
25.869068145751953 0.00667127
55.86823105812073 0.00667127
85.88689112663269 0.00504033
115.8792941570282 0.00504033
145.88664603233337 0.00504033
175.88725209236145 0.00504033
205.92344403266907 0.00504033
235.9307460784912 0.00504033
265.9474492073059 0.00504033
295.94743609428406 0.00504033
325.9474639892578 0.00504033
355.9475932121277 0.00504033
385.9512460231781 0.00504033
415.9552640914917 0.00504033
445.95923805236816 0.00504033
475.9668781757355 0.00504033
505.96345114707947 0.00504033
535.963457107544 0.00502063
565.9634652137756 0.00502063
595.9712681770325 0.00502063
625.9713881015778 0.00502063
655.9730110168457 0.00502063
685.9723041057587 0.00502063
715.9754440784454 0.00502063
745.9755380153656 0.00502063
775.9756271839142 0.00502063
805.9795331954956 0.00502063
835.9868800640106 0.00502063
865.994882106781 0.00502063
895.4403710365295 0.00502063
