0.0 0.00667127
25.970242023468018 0.00667127
55.97028207778931 0.00667127
85.97193813323975 0.00399725
115.97427797317505 0.00399725
145.97441601753235 0.00399725
175.98586702346802 0.00399725
205.97453713417053 0.00399725
235.9771111011505 0.00399725
265.9753420352936 0.00399725
295.98227190971375 0.00399725
325.9824049472809 0.00399725
355.982458114624 0.00399725
385.9865801334381 0.00399725
415.9881579875946 0.00399725
445.9869260787964 0.00399725
475.98696208000183 0.00399725
505.9869980812073 0.00399725
535.987142086029 0.00399725
565.9872009754181 0.00399725
595.9870619773865 0.00399725
625.9871740341187 0.00399725
655.9873559474945 0.00399725
685.9875380992889 0.00399725
715.9875209331512 0.00399725
745.9873950481415 0.00399725
775.9874110221863 0.00399725
805.9874799251556 0.00399725
835.9875290393829 0.00399725
865.9875659942627 0.00399725
895.5388169288635 0.00399725
