0.0 0.00667127
25.863733053207397 0.00667127
55.86410093307495 0.00667127
85.86805510520935 0.00667127
115.8921251296997 0.00667127
145.89606308937073 0.00559415
175.89804601669312 0.00559415
205.90792894363403 0.00559415
235.90445709228516 0.00559415
265.92799496650696 0.00559415
295.92811608314514 0.00505208
325.9480950832367 0.00505208
355.96390295028687 0.00505208
385.9493670463562 0.00505208
415.9495151042938 0.00505208
445.99214792251587 0.00505208
475.9960699081421 0.00505208
506.0000500679016 0.00505208
536.008054971695 0.00505208
566.0120239257812 0.00505208
596.0120549201965 0.00505208
626.0195889472961 0.00505208
656.0201909542084 0.00505208
686.0202419757843 0.00505208
716.0204341411591 0.00505208
746.0239999294281 0.00505208
776.0280480384827 0.00505208
806.0400409698486 0.00505208
836.0401170253754 0.00505208
866.0402989387512 0.00505208
895.4238710403442 0.00505208
