0.0 0.418352
25.90795397758484 0.418352
55.92963099479675 0.418352
85.91013789176941 0.418352
115.91027879714966 0.418352
145.9109148979187 0.418352
175.93417382240295 0.418352
205.93429279327393 0.418352
235.93803477287292 0.418352
265.9458267688751 0.418352
295.9880578517914 0.418352
325.98602986335754 0.418352
355.9936218261719 0.418352
385.9919698238373 0.418352
416.00223898887634 0.418352
446.01031398773193 0.418352
476.03428077697754 0.418352
506.0378749370575 0.418352
536.0420098304749 0.418352
566.0620019435883 0.418352
596.0621647834778 0.418352
626.0621869564056 0.418352
656.0623488426208 0.418352
686.0711967945099 0.418352
716.0707077980042 0.418352
746.0708339214325 0.418352
776.0715777873993 0.418352
806.0709049701691 0.418352
836.0708928108215 0.418352
866.0738418102264 0.418352
895.4005868434906 0.418352
