0.0 0.42502327
24.336477041244507 0.42502327
54.336591958999634 0.42502327
84.34010410308838 0.42502327
114.34321999549866 0.42502327
144.34622716903687 0.42502327
174.34516501426697 0.42502327
204.34810495376587 0.42502327
234.35170698165894 0.42502327
264.3484060764313 0.42502327
294.35210514068604 0.42502327
324.3521931171417 0.42502327
354.37198209762573 0.41999887999999996
384.36488795280457 0.41999887999999996
414.36434507369995 0.41999887999999996
444.3681011199951 0.41999887999999996
474.36810517311096 0.41999887999999996
504.37634801864624 0.41999887999999996
534.3919160366058 0.41999887999999996
564.3850991725922 0.41999887999999996
594.3852400779724 0.41999887999999996
624.3880951404572 0.41999887999999996
654.3917720317841 0.41999887999999996
684.3920931816101 0.41999887999999996
714.4039101600647 0.41999887999999996
744.400267124176 0.41999887999999996
774.4358050823212 0.41999887999999996
804.4374520778656 0.41999887999999996
834.4477109909058 0.41999887999999996
864.456267118454 0.41999887999999996
893.631991147995 0.41999887999999996
