0.0 0.418352
25.926962852478027 0.418352
55.95730996131897 0.418352
85.95998287200928 0.418352
115.96500492095947 0.407952
145.97626495361328 0.407952
175.9731569290161 0.407952
205.9890239238739 0.407952
236.01302289962769 0.407952
266.0113778114319 0.407952
296.0129668712616 0.407952
326.01305985450745 0.407952
356.0169949531555 0.407831
386.0405898094177 0.407831
416.0209918022156 0.407831
446.0211229324341 0.407831
476.02482986450195 0.407831
506.02497601509094 0.407831
536.0607829093933 0.407831
566.036808013916 0.407831
596.0291588306427 0.407831
626.0291938781738 0.407831
656.0329768657684 0.407831
686.0351538658142 0.407831
716.0492279529572 0.407831
746.0571799278259 0.407831
776.0575180053711 0.407831
806.0685889720917 0.407831
836.0662479400635 0.407831
866.0629839897156 0.407831
895.5052759647369 0.407831
