0.0 0.418352
25.834892988204956 0.418352
55.83126997947693 0.418352
85.83127498626709 0.411923
115.83919501304626 0.411923
145.83220386505127 0.411923
175.8385488986969 0.411923
205.84667491912842 0.411923
235.8390610218048 0.410876
265.8392310142517 0.410876
295.8441119194031 0.410876
325.8502879142761 0.410876
355.8710858821869 0.410876
385.87115383148193 0.410876
415.89112305641174 0.392991
445.91805505752563 0.392991
475.91907787323 0.392991
505.9191279411316 0.392991
535.9191629886627 0.392991
565.9230239391327 0.392991
595.9351449012756 0.392991
625.9231300354004 0.392991
655.9390468597412 0.392991
685.9396178722382 0.392991
715.9470620155334 0.392991
745.9471099376678 0.392991
775.9793310165405 0.392991
805.9793348312378 0.392991
835.9829838275909 0.392991
865.9830799102783 0.392991
895.4035768508911 0.392991
