0.0 0.00667127
25.87204599380493 0.00667127
55.88386392593384 0.00667127
85.87624001502991 0.00667127
115.87643909454346 0.00667127
145.87629508972168 0.00666537
175.8774049282074 0.00666537
205.88934898376465 0.00666537
235.88805508613586 0.00666537
265.88805389404297 0.00666537
295.8882489204407 0.00666537
325.890438079834 0.00666537
355.9003310203552 0.00666537
385.9001889228821 0.00666537
415.9320979118347 0.00666537
445.95185804367065 0.00666537
475.94416904449463 0.00666537
505.94417905807495 0.00666537
535.959851026535 0.00666537
565.9561350345612 0.00666537
595.96404504776 0.00666537
625.9733159542084 0.00666537
655.9760499000549 0.00666537
685.976135969162 0.00666537
715.9761850833893 0.00666537
745.9840459823608 0.00666537
775.9840469360352 0.00666537
805.9878621101379 0.00666537
835.998929977417 0.00666537
865.9926691055298 0.00666537
895.4478590488434 0.00666537
