0.0 0.00667127
25.991513967514038 0.00667127
55.987703800201416 0.00667127
85.98772597312927 0.00667127
115.99321293830872 0.00664301
145.9923598766327 0.00664301
175.99571990966797 0.00559415
205.9957709312439 0.00502063
235.99582195281982 0.00502063
265.9996898174286 0.00502063
295.9998438358307 0.00502063
326.0152928829193 0.00502063
356.00729298591614 0.00502063
386.0038228034973 0.00502063
416.0038859844208 0.00502063
446.01167702674866 0.00502063
476.0116798877716 0.00502063
506.01167702674866 0.00502063
536.0312960147858 0.00502063
566.0186338424683 0.00502063
596.0196537971497 0.00502063
626.0266509056091 0.00502063
656.0251150131226 0.00502063
686.0241158008575 0.00502063
716.0288238525391 0.00502063
746.0289227962494 0.00502063
776.0316338539124 0.00502063
806.0316429138184 0.00502063
836.0316808223724 0.00502063
866.039491891861 0.00502063
895.5561378002167 0.00502063
