0.0 0.00279093914704
24.141422986984253 0.00279093914704
54.141427993774414 0.00279093914704
84.14159798622131 0.00279093914704
114.18100190162659 0.00279093914704
144.18100595474243 0.00279093914704
174.17807602882385 0.00279093914704
204.17806696891785 0.00279093914704
234.17818689346313 0.00279093914704
264.1783239841461 0.00279093914704
294.1857318878174 0.00279093914704
324.1857018470764 0.00279093914704
354.1857650279999 0.00279093914704
384.1893880367279 0.00279093914704
414.19212198257446 0.00279093914704
444.2080149650574 0.00279093914704
474.21321296691895 0.00279093914704
504.23343801498413 0.00274716560118
534.2335498332977 0.00274716560118
564.2493398189545 0.00274716560118
594.2555480003357 0.00274716560118
624.2573959827423 0.00274716560118
654.257513999939 0.00274716560118
684.2575788497925 0.00274716560118
714.2654988765717 0.00274716560118
744.2693989276886 0.00274716560118
774.2813959121704 0.00274716560118
804.2893748283386 0.00274716560118
834.2893898487091 0.00274716560118
864.2893788814545 0.0024109163067599997
893.4374129772186 0.0024109163067599997
