0.0 0.00667127
25.854660987854004 0.00667127
55.880890130996704 0.00667127
85.88908410072327 0.0050466
115.89259195327759 0.0050466
145.89108109474182 0.0050466
175.8912239074707 0.0050466
205.89715003967285 0.0050466
235.9008641242981 0.0050466
265.89738392829895 0.0050466
295.8982849121094 0.0050466
325.92125606536865 0.0050466
355.9451720714569 0.0050466
385.9735279083252 0.0050466
415.9734630584717 0.0050466
445.97669100761414 0.0050466
475.97485303878784 0.0050466
505.9750039577484 0.0050466
535.9932370185852 0.0050466
565.99325299263 0.0050466
596.5860629081726 0.0050466
626.333832025528 0.0050466
656.3816149234772 0.0050466
686.3813090324402 0.0050466
716.3845911026001 0.0050466
746.3886609077454 0.0050466
776.3852090835571 0.0050466
806.3853089809418 0.0050466
836.385507106781 0.0050466
866.3854761123657 0.0050466
896.3855860233307 0.0050466
926.3856580257416 0.0050466
956.3968589305878 0.0050466
986.4006590843201 0.0050466
1016.3972849845886 0.0050466
1046.3974130153656 0.0050466
1076.4092910289764 0.0050466
1106.4182169437408 0.0050466
1136.4210751056671 0.0050466
1166.429053068161 0.0050466
1196.4368801116943 0.0050466
1226.4410450458527 0.0050466
1256.4411869049072 0.0050466
1286.4412140846252 0.0050466
1316.4413940906525 0.0050466
1346.4431819915771 0.0050466
1376.4731369018555 0.0050466
1406.4733939170837 0.0050466
1436.473205089569 0.0050466
1466.4732611179352 0.0050466
1496.4733769893646 0.0050466
1526.481024980545 0.0050466
1556.4810979366302 0.0050466
1586.481204032898 0.0050466
1616.4890439510345 0.0050466
1646.496668100357 0.0050466
1676.489156961441 0.0050466
1706.5056219100952 0.0050466
1736.4907870292664 0.0050466
1766.491492986679 0.0050466
1795.4726660251617 0.0050466
