0.0 0.00667127
25.894009113311768 0.00667127
55.87018609046936 0.00667127
85.88751196861267 0.00667127
115.89207196235657 0.00666509
145.92837190628052 0.00666509
175.95021390914917 0.00666509
205.95798110961914 0.00666509
235.9823019504547 0.00665872
265.99112701416016 0.00665872
295.99778294563293 0.00665872
325.9903631210327 0.0050466
355.9905230998993 0.0050466
385.99052691459656 0.0050466
416.0150570869446 0.0050466
446.05385303497314 0.0050466
476.0659821033478 0.0050466
506.05508303642273 0.0050466
536.0532159805298 0.0050466
566.0533919334412 0.0050466
596.0860021114349 0.0050466
626.0662019252777 0.0050466
656.0701870918274 0.0050466
686.0980179309845 0.0050466
716.0781800746918 0.0050466
746.0783560276031 0.0050466
776.0825080871582 0.0050466
806.0847849845886 0.0050466
836.0861780643463 0.0050466
866.086179971695 0.0050466
895.4196939468384 0.0050466
