0.0 0.418352
25.91725182533264 0.418352
55.915359020233154 0.418352
85.91618204116821 0.418352
115.91835403442383 0.418352
145.91626691818237 0.418352
175.91636490821838 0.418352
205.9183428287506 0.418352
235.95558190345764 0.418352
265.9575219154358 0.413764
295.95764994621277 0.413764
325.9711580276489 0.413764
355.97133588790894 0.413764
385.97535490989685 0.413764
415.996230840683 0.413764
445.9789550304413 0.413764
475.9793519973755 0.413764
505.9793870449066 0.413764
535.9795680046082 0.413764
565.9797120094299 0.413764
595.9797158241272 0.413764
625.9798140525818 0.413764
655.9833319187164 0.413764
685.9834849834442 0.413764
715.9835109710693 0.413764
746.0151529312134 0.413764
775.9913289546967 0.413764
805.9953408241272 0.413764
835.9977939128876 0.413764
865.9993150234222 0.413764
895.4551548957825 0.413764
