0.0 0.00279093914704
24.265054941177368 0.00279093914704
54.27462196350098 0.00279093914704
84.2843279838562 0.00279093914704
114.28054213523865 0.002054597025
144.2805290222168 0.002054597025
174.28474497795105 0.002054597025
204.30535793304443 0.002054597025
234.32077407836914 0.002054597025
264.3208920955658 0.002054597025
294.3210380077362 0.002054597025
324.3445689678192 0.002054597025
354.3447229862213 0.002054597025
384.35677099227905 0.002054597025
414.35693097114563 0.002054597025
444.3570411205292 0.002054597025
474.36204409599304 0.002054597025
504.36453008651733 0.002054597025
534.3689439296722 0.002054597025
564.372720003128 0.002054597025
594.3728940486908 0.002054597025
624.6449480056763 0.002054597025
654.6560270786285 0.002054597025
684.6647570133209 0.002054597025
714.7063059806824 0.002054597025
744.7085371017456 0.002054597025
774.7290270328522 0.002054597025
804.7268159389496 0.002054597025
834.7327160835266 0.002054597025
864.7328720092773 0.002054597025
893.8407430648804 0.002054597025
