0.0 0.00279093914704
24.286540985107422 0.00279093914704
54.30206108093262 0.00279093914704
84.29819798469543 0.00279093914704
114.30533909797668 0.00279093914704
144.30635905265808 0.0024879198944
174.31466913223267 0.00209667234448
204.3188021183014 0.00209667234448
234.31444907188416 0.00209667234448
264.3205771446228 0.00209667234448
294.3222551345825 0.00209667234448
324.3223900794983 0.00209667234448
354.3662929534912 0.00209667234448
384.3741891384125 0.00209667234448
414.3858630657196 0.00209667234448
444.37826800346375 0.00209667234448
474.3783631324768 0.00209667234448
504.3784120082855 0.00209667234448
534.3784279823303 0.00209667234448
564.3822469711304 0.00209667234448
594.3898589611053 0.00209667234448
624.3942370414734 0.00209667234448
654.406238079071 0.00209667234448
684.4078199863434 0.00209667234448
714.4078619480133 0.00209667234448
744.4104039669037 0.00209667234448
774.4150080680847 0.00209667234448
804.415745973587 0.00209667234448
834.4182319641113 0.00209667234448
864.4185540676117 0.00209667234448
893.8104259967804 0.00209667234448
