0.0 0.00279093914704
24.306298971176147 0.00279093914704
54.31230902671814 0.00279093914704
84.32024097442627 0.0024879198944
114.32019710540771 0.0024879198944
144.3202929496765 0.0024879198944
174.32034301757812 0.0024879198944
205.0158998966217 0.0024879198944
234.99926209449768 0.0024879198944
265.0000560283661 0.0024879198944
295.0000751018524 0.0021812102795999997
325.0298330783844 0.0021812102795999997
355.032222032547 0.0021812102795999997
385.0398690700531 0.0021812102795999997
415.0483829975128 0.0021812102795999997
445.05567812919617 0.0021812102795999997
475.0514690876007 0.0021812102795999997
505.0560450553894 0.0021812102795999997
535.0560789108276 0.0021812102795999997
565.0562090873718 0.0021812102795999997
595.0563259124756 0.0021812102795999997
625.0600619316101 0.0021812102795999997
655.0802230834961 0.0021812102795999997
685.0803380012512 0.0021812102795999997
715.0996940135956 0.0021812102795999997
745.084244966507 0.0021812102795999997
775.0961449146271 0.0021812102795999997
805.1041820049286 0.0021812102795999997
835.10418009758 0.0021812102795999997
865.1078770160675 0.0021812102795999997
893.88005900383 0.0021812102795999997
