0.0 0.00667127
25.90914297103882 0.00667127
55.909945011138916 0.00559415
85.9137179851532 0.00559415
115.91056704521179 0.00559415
145.92213487625122 0.00403505
175.92212390899658 0.00403505
205.9461009502411 0.00403505
235.94748306274414 0.00403505
265.9541368484497 0.00403505
295.9577238559723 0.00403505
325.9553210735321 0.00403505
355.993793964386 0.00403505
385.9779279232025 0.00403505
415.97801995277405 0.00403505
445.98329496383667 0.00403505
475.9841978549957 0.00403505
505.98354601860046 0.00403505
535.9860758781433 0.00403505
565.98610496521 0.00403505
595.9937160015106 0.00403505
626.0215380191803 0.00403505
656.001944065094 0.00403505
686.0098948478699 0.00403505
716.0140669345856 0.00403505
746.0140988826752 0.00403505
776.0142669677734 0.00403505
806.0143530368805 0.00403505
836.0144588947296 0.00403505
866.0179150104523 0.00403505
895.499284029007 0.00403505
