0.0 0.00667127
25.82736897468567 0.00667127
55.85334396362305 0.0050466
85.82939100265503 0.0050466
115.84143590927124 0.0050466
145.8414330482483 0.0050466
175.8415310382843 0.0050466
205.8491108417511 0.0050466
235.8574938774109 0.0050466
265.85741806030273 0.00400913
295.86128187179565 0.00400913
325.8729009628296 0.00400913
355.8654270172119 0.00400913
385.86550188064575 0.00400913
415.86751985549927 0.00400913
445.86816000938416 0.00400913
475.87328600883484 0.00400913
505.88539600372314 0.00400913
535.8853778839111 0.00400913
565.9053740501404 0.00400913
595.9053950309753 0.00400913
625.9054398536682 0.00400913
655.9055469036102 0.00400913
685.941468000412 0.00400913
715.9595639705658 0.00400913
745.9612848758698 0.00400913
775.9652628898621 0.00400913
805.9813179969788 0.00400913
836.0091199874878 0.00400913
866.0012838840485 0.00400913
895.1252100467682 0.00400913
