0.0 0.42502327
24.27116107940674 0.42502327
54.28339099884033 0.42502327
84.28713512420654 0.42502327
114.29335403442383 0.4121716
144.29549503326416 0.4121716
174.2940890789032 0.4121716
204.29677295684814 0.4121716
234.30335998535156 0.4121716
264.3032660484314 0.4121716
294.3090660572052 0.4121716
324.31875801086426 0.4121716
354.3113660812378 0.4121716
384.3180401325226 0.4121716
414.3184871673584 0.4121716
444.33514308929443 0.4121716
474.34709906578064 0.4121716
504.33939003944397 0.4121716
534.343150138855 0.4121716
564.3472759723663 0.4102338
594.351068019867 0.4102338
624.3549561500549 0.4102338
654.3542490005493 0.4102338
684.3525161743164 0.4102338
714.3704581260681 0.4102338
744.3631901741028 0.4102338
774.3711669445038 0.4102338
804.3911969661713 0.4102338
834.3989500999451 0.4102338
864.4063401222229 0.4102338
893.8747720718384 0.4102338
