0.0 0.00279093914704
24.24062991142273 0.00279093914704
54.23319888114929 0.00279093914704
84.23329210281372 0.00279093914704
114.23696899414062 0.00279093914704
144.24480390548706 0.00279093914704
174.24102091789246 0.00279093914704
204.2411880493164 0.0024879198944
234.24500703811646 0.0024879198944
264.297306060791 0.0024879198944
294.29803109169006 0.0024879198944
324.3011429309845 0.0024879198944
354.30110597610474 0.0024879198944
384.3286108970642 0.0024879198944
414.3050100803375 0.0024879198944
444.31720304489136 0.0024879198944
474.3062629699707 0.0024879198944
504.3087160587311 0.0024879198944
534.3067190647125 0.0024879198944
564.310250043869 0.0024879198944
594.3090040683746 0.0024879198944
624.313050031662 0.0024879198944
654.3418369293213 0.0024879198944
684.337259054184 0.0024879198944
714.3450338840485 0.0024879198944
744.3410179615021 0.0024879198944
774.3452870845795 0.0024879198944
804.3479089736938 0.0024879198944
834.3490478992462 0.0024879198944
864.3505918979645 0.0024879198944
893.8168981075287 0.0024879198944
