0.0 0.00667127
25.93481206893921 0.00667127
55.93497705459595 0.0050466
85.95095419883728 0.0050466
115.95521020889282 0.0050466
145.95879912376404 0.0050466
175.97895503044128 0.0050466
205.9949870109558 0.00412416
236.00259399414062 0.00411257
265.99994707107544 0.00411257
295.99879717826843 0.00411257
326.03745102882385 0.00411257
356.0108880996704 0.00411257
386.01478910446167 0.00411257
416.01860904693604 0.00411257
446.01880717277527 0.00411257
476.0227780342102 0.00411257
506.0264081954956 0.00411257
536.030424118042 0.00411257
566.026789188385 0.00411257
596.3266270160675 0.00411257
626.3190519809723 0.00411257
656.3190641403198 0.00411257
686.3214831352234 0.00411257
716.3198289871216 0.00411257
746.3199880123138 0.00411257
776.3230080604553 0.00411257
806.3307909965515 0.00411257
836.3308169841766 0.00411257
866.3308861255646 0.00411257
895.5072510242462 0.00411257
