6.9051837698714e-310 0.42502327
23.93083882331848 0.42502327
53.92790985107422 0.42502327
83.93883895874023 0.42502327
113.93508696556091 0.42502327
143.93779182434082 0.42502327
173.93584895133972 0.42502327
203.95064902305603 0.42502327
233.95064687728882 0.42502327
263.94752383232117 0.41999887999999996
293.95103192329407 0.41999887999999996
323.9548089504242 0.41999887999999996
353.9511818885803 0.41999887999999996
383.9590709209442 0.41999887999999996
413.9751179218292 0.41999887999999996
443.99579191207886 0.4121716
474.00076484680176 0.4121716
504.0224289894104 0.4121716
534.0190188884735 0.4121716
564.0373868942261 0.4121716
594.0430419445038 0.4121716
624.0481779575348 0.4121716
654.0510149002075 0.4121716
684.0586369037628 0.4121716
714.0518019199371 0.4121716
744.0549659729004 0.4121716
774.0550258159637 0.4121716
804.066342830658 0.4121716
834.0645089149475 0.4121716
864.0675919055939 0.4121716
892.6713769435883 0.4121716
