0.0 0.00667127
25.90842890739441 0.00667127
55.91278100013733 0.00664302
85.90847086906433 0.00559415
115.9124448299408 0.00559415
145.91685891151428 0.00559415
175.91696691513062 0.00559415
205.9189989566803 0.00559415
235.92084097862244 0.00558811
265.9248118400574 0.00558811
295.92881298065186 0.00403505
325.93282890319824 0.00403505
355.93553400039673 0.00403505
385.9406478404999 0.00403505
415.9408268928528 0.00403505
445.94863390922546 0.00403505
475.94101095199585 0.00403505
505.94102597236633 0.00403505
535.9448487758636 0.00403505
565.9651257991791 0.00403505
595.9688119888306 0.00403505
625.9688589572906 0.00403505
655.968966960907 0.00403505
685.9728248119354 0.00403505
715.9728829860687 0.00403505
745.9730179309845 0.00403505
775.9730458259583 0.00403505
805.9730889797211 0.00403505
835.9730999469757 0.00403505
865.9734477996826 0.00403505
895.4808759689331 0.00403505
