0.0 0.418352
25.965809106826782 0.418352
55.96723699569702 0.407125
85.98636794090271 0.407125
115.99387192726135 0.407125
146.00566697120667 0.407125
176.00203800201416 0.407125
206.00983905792236 0.407125
236.00793409347534 0.407125
266.0078239440918 0.407125
296.0218770503998 0.407125
326.0142071247101 0.407125
356.022066116333 0.407125
386.02966499328613 0.407125
416.0338580608368 0.407125
446.0500719547272 0.407125
476.05400109291077 0.407125
506.0580630302429 0.407125
536.0580630302429 0.407125
566.0656640529633 0.407125
596.058226108551 0.407125
626.0700740814209 0.407125
656.0724921226501 0.407125
686.0981149673462 0.407125
716.0742449760437 0.407125
746.0742719173431 0.407125
776.0820670127869 0.402841
806.0856680870056 0.402841
836.0823321342468 0.402841
866.0824620723724 0.402841
895.5374500751495 0.402841
