0.0 0.00667127
25.813276052474976 0.00667127
55.81774616241455 0.0050466
85.81775307655334 0.0050466
115.82168102264404 0.0050466
145.82827401161194 0.0050466
175.82967615127563 0.0050466
205.82972693443298 0.0050466
235.83761715888977 0.0050466
265.8434691429138 0.0050466
295.8434519767761 0.0050466
325.87476110458374 0.0050466
355.8452501296997 0.0050466
385.8530111312866 0.0050466
415.8616781234741 0.0050466
445.86493396759033 0.0050466
475.88585805892944 0.0050466
505.88585114479065 0.0050466
535.885987997055 0.0050466
565.8860149383545 0.0050466
595.9311709403992 0.0050466
625.9417071342468 0.0050466
655.9456679821014 0.0050466
685.9786541461945 0.0050466
715.9743421077728 0.0050466
745.9743981361389 0.0050466
775.9751839637756 0.0050466
806.0134780406952 0.0050466
836.0063481330872 0.0050466
866.0339140892029 0.0050466
895.3816740512848 0.0050466
