0.0 0.42502327
24.419841051101685 0.42502327
54.42216897010803 0.42502327
84.42571306228638 0.42502327
114.42244696617126 0.4216262
144.42797088623047 0.4216262
174.4421010017395 0.4216262
204.47402000427246 0.41999887999999996
234.49372601509094 0.41999887999999996
264.47791600227356 0.41537561
294.4780910015106 0.41537561
324.4809958934784 0.41537561
354.48192501068115 0.41537561
384.4820239543915 0.41537561
414.48211193084717 0.41537561
444.49004101753235 0.41537561
474.49008202552795 0.41537561
504.49013686180115 0.41537561
534.4981138706207 0.41537561
564.5006229877472 0.41537561
594.5019910335541 0.41537561
624.5099139213562 0.41537561
654.5138878822327 0.41537561
684.5299019813538 0.41537561
714.5299279689789 0.41537561
744.5351550579071 0.41537561
774.5379018783569 0.41537561
804.5548839569092 0.41537561
834.5579068660736 0.41537561
864.5580589771271 0.41537561
893.6509299278259 0.41537561
