0.0 0.00279093914704
24.37671995162964 0.00279093914704
54.39302206039429 0.00279093914704
84.36910891532898 0.0024879198944
114.37671899795532 0.002054597025
144.3823881149292 0.002054597025
174.38489294052124 0.002054597025
204.38223004341125 0.002054597025
234.3823070526123 0.002054597025
264.38630390167236 0.002054597025
294.38511395454407 0.002054597025
324.38534808158875 0.002054597025
354.38528203964233 0.002054597025
384.3853280544281 0.002054597025
414.3853349685669 0.002054597025
444.38537192344666 0.002054597025
474.38910603523254 0.002054597025
504.39317202568054 0.002054597025
534.3971209526062 0.002054597025
564.3972160816193 0.002054597025
594.3972411155701 0.002054597025
624.4191129207611 0.002054597025
654.4210860729218 0.002054597025
684.4211130142212 0.002054597025
714.4256210327148 0.0019078123726900002
744.4291141033173 0.0019078123726900002
774.4291310310364 0.0019078123726900002
804.4292619228363 0.0019078123726900002
834.4410650730133 0.0019078123726900002
864.4411070346832 0.0019078123726900002
893.896497964859 0.0019078123726900002
