0.0 0.00667127
25.813529014587402 0.00667127
55.87361717224121 0.00667127
85.87364506721497 0.0050466
115.87377715110779 0.0050466
145.88136315345764 0.0050466
175.8815290927887 0.0050466
205.88894200325012 0.0050466
235.8973331451416 0.0050466
265.8973569869995 0.0050466
295.89752197265625 0.00503899
325.89753007888794 0.00403505
355.9209420681 0.00403505
385.9169411659241 0.00403505
415.9092891216278 0.00403505
445.91448616981506 0.00403505
475.9212920665741 0.00403505
505.92132115364075 0.00403505
535.9292931556702 0.00403505
565.9293260574341 0.00403505
595.93443608284 0.00403505
625.9345211982727 0.00403505
655.9348020553589 0.00403505
685.9377431869507 0.00403505
715.9574961662292 0.00403505
745.9614210128784 0.00403505
775.9615271091461 0.00403505
805.9615180492401 0.00403505
835.9616901874542 0.00403505
865.9618401527405 0.00403505
895.1171720027924 0.00403505
