0.0 0.418352
25.807030200958252 0.418352
56.23029708862305 0.418352
86.23496317863464 0.418352
116.24656510353088 0.418352
146.24677419662476 0.418352
176.2629930973053 0.418352
206.2659010887146 0.418352
236.28785705566406 0.418352
266.2878611087799 0.407125
296.29099011421204 0.407125
326.2949540615082 0.407125
356.29896903038025 0.407125
386.2991020679474 0.407125
416.30694103240967 0.407125
446.3070662021637 0.407125
476.3186321258545 0.407125
506.3350319862366 0.407125
536.3365340232849 0.407125
566.3470921516418 0.407125
596.4072971343994 0.407125
626.410994052887 0.407125
656.4227561950684 0.407125
686.4149391651154 0.407125
716.4151451587677 0.407125
746.4229550361633 0.407125
776.4235000610352 0.407125
806.4309551715851 0.407125
836.438971042633 0.407125
866.4390850067139 0.407125
895.3587160110474 0.407125
